\BOOKMARK [0][-]{chapter*.1}{D\351dicaces}{}% 1
\BOOKMARK [0][-]{chapter*.2}{Remerciements}{}% 2
\BOOKMARK [0][-]{chapter*.3}{Sigles et Abr\351viations}{}% 3
\BOOKMARK [0][-]{chapter*.4}{Table des mati\350res}{}% 4
\BOOKMARK [0][-]{chapter*.6}{Introduction}{}% 5
\BOOKMARK [0][-]{chapter.1}{Cadre de l'\351tude}{}% 6
\BOOKMARK [1][-]{section.1.1}{Pr\351sentation du bureau d'\351tude JScom}{chapter.1}% 7
\BOOKMARK [2][-]{subsection.1.1.1}{Pr\351sentation g\351n\351rale}{section.1.1}% 8
\BOOKMARK [2][-]{subsection.1.1.2}{Situation g\351ographique}{section.1.1}% 9
\BOOKMARK [1][-]{section.1.2}{D\351marche m\351thodologique}{chapter.1}% 10
\BOOKMARK [0][-]{chapter.2}{Cadre th\351orique et m\351thodologique}{}% 11
\BOOKMARK [1][-]{section.2.1}{Enonc\351 du probl\350me}{chapter.2}% 12
\BOOKMARK [1][-]{section.2.2}{Objectif}{chapter.2}% 13
\BOOKMARK [1][-]{section.2.3}{Hypoth\350se}{chapter.2}% 14
\BOOKMARK [1][-]{section.2.4}{Etude th\351orique}{chapter.2}% 15
\BOOKMARK [2][-]{subsection.2.4.1}{D\351finition d'un serveur}{section.2.4}% 16
\BOOKMARK [2][-]{subsection.2.4.2}{Disque dur RAID LVM}{section.2.4}% 17
\BOOKMARK [2][-]{subsection.2.4.3}{Serveur web APACHE}{section.2.4}% 18
\BOOKMARK [2][-]{subsection.2.4.4}{Base de donn\351es}{section.2.4}% 19
\BOOKMARK [2][-]{subsection.2.4.5}{Mod\351lisation avec GNS3}{section.2.4}% 20
\BOOKMARK [2][-]{subsection.2.4.6}{Programmation}{section.2.4}% 21
\BOOKMARK [2][-]{subsection.2.4.7}{FTP}{section.2.4}% 22
\BOOKMARK [2][-]{subsection.2.4.8}{Fonctionnement du mail}{section.2.4}% 23
\BOOKMARK [2][-]{subsection.2.4.9}{S\351curit\351}{section.2.4}% 24
\BOOKMARK [0][-]{chapter.3}{Impl\351mentation du projet}{}% 25
\BOOKMARK [1][-]{section.3.1}{Installation du serveur}{chapter.3}% 26
\BOOKMARK [1][-]{section.3.2}{Gestion du stockage de fichier}{chapter.3}% 27
\BOOKMARK [2][-]{subsection.3.2.1}{Syst\350me de fichier}{section.3.2}% 28
\BOOKMARK [2][-]{subsection.3.2.2}{Ajout de disque dur au serveur}{section.3.2}% 29
\BOOKMARK [1][-]{section.3.3}{Configurer le LAMP}{chapter.3}% 30
\BOOKMARK [2][-]{subsection.3.3.1}{Gestion de Apache}{section.3.3}% 31
\BOOKMARK [2][-]{subsection.3.3.2}{Gestion de Nginx}{section.3.3}% 32
\BOOKMARK [1][-]{section.3.4}{Mod\351lisation de l'architecture r\351seau avec GNS3}{chapter.3}% 33
\BOOKMARK [2][-]{subsection.3.4.1}{Description du sch\351ma}{section.3.4}% 34
\BOOKMARK [2][-]{subsection.3.4.2}{Configuration des \351quipements}{section.3.4}% 35
\BOOKMARK [1][-]{section.3.5}{Installation Postfix}{chapter.3}% 36
\BOOKMARK [1][-]{section.3.6}{Installation de Dovecot}{chapter.3}% 37
\BOOKMARK [1][-]{section.3.7}{Installation du client mail}{chapter.3}% 38
\BOOKMARK [1][-]{section.3.8}{Le site d'administration}{chapter.3}% 39
\BOOKMARK [1][-]{section.3.9}{Configuration du FTP avec vsftpd}{chapter.3}% 40
\BOOKMARK [1][-]{section.3.10}{Spamassassin}{chapter.3}% 41
\BOOKMARK [1][-]{section.3.11}{La base de donn\351es MariaDB}{chapter.3}% 42
\BOOKMARK [1][-]{section.3.12}{ S\351curit\351}{chapter.3}% 43
\BOOKMARK [1][-]{section.3.13}{Cas concret}{chapter.3}% 44
\BOOKMARK [2][-]{subsection.3.13.1}{Enonc\351}{section.3.13}% 45
\BOOKMARK [2][-]{subsection.3.13.2}{Pratique}{section.3.13}% 46
\BOOKMARK [0][-]{chapter*.40}{Conclusion}{}% 47
\BOOKMARK [0][-]{chapter*.41}{Bibliographie}{}% 48
